Change Component Designator: OldDesignator=AMS1 NewDesignator=AMS2
Change Component Designator: OldDesignator=AMS2 NewDesignator=AMS1
Change Component Designator: OldDesignator=BT1 NewDesignator=BT3
Change Component Designator: OldDesignator=BT2 NewDesignator=BT4
Change Component Designator: OldDesignator=BT3 NewDesignator=BT5
Change Component Designator: OldDesignator=C1 NewDesignator=C3
Change Component Designator: OldDesignator=C2 NewDesignator=C10
Change Component Designator: OldDesignator=C3 NewDesignator=C2
Change Component Designator: OldDesignator=C4 NewDesignator=C1
Change Component Designator: OldDesignator=C5 NewDesignator=C6
Change Component Designator: OldDesignator=C6 NewDesignator=C5
Change Component Designator: OldDesignator=C7 NewDesignator=C31
Change Component Designator: OldDesignator=C8 NewDesignator=C28
Change Component Designator: OldDesignator=C9 NewDesignator=C26
Change Component Designator: OldDesignator=C10 NewDesignator=C30
Change Component Designator: OldDesignator=C11 NewDesignator=C21
Change Component Designator: OldDesignator=C12 NewDesignator=C14
Change Component Designator: OldDesignator=C13 NewDesignator=C19
Change Component Designator: OldDesignator=C14 NewDesignator=C24
Change Component Designator: OldDesignator=C15 NewDesignator=C32
Change Component Designator: OldDesignator=C16 NewDesignator=C27
Change Component Designator: OldDesignator=C17 NewDesignator=C23
Change Component Designator: OldDesignator=C18 NewDesignator=C22
Change Component Designator: OldDesignator=C19 NewDesignator=C29
Change Component Designator: OldDesignator=C21 NewDesignator=C25
Change Component Designator: OldDesignator=C22 NewDesignator=C8
Change Component Designator: OldDesignator=C23 NewDesignator=C18
Change Component Designator: OldDesignator=C24 NewDesignator=C16
Change Component Designator: OldDesignator=C25 NewDesignator=C15
Change Component Designator: OldDesignator=C26 NewDesignator=C4
Change Component Designator: OldDesignator=C27 NewDesignator=C7
Change Component Designator: OldDesignator=C28 NewDesignator=C13
Change Component Designator: OldDesignator=C29 NewDesignator=C11
Change Component Designator: OldDesignator=C30 NewDesignator=C12
Change Component Designator: OldDesignator=C31 NewDesignator=C17
Change Component Designator: OldDesignator=C32 NewDesignator=C9
Change Component Designator: OldDesignator=D1 NewDesignator=D2
Change Component Designator: OldDesignator=D2 NewDesignator=D1
Change Component Designator: OldDesignator=IC1 NewDesignator=IC2
Change Component Designator: OldDesignator=IC2 NewDesignator=IC1
Change Component Designator: OldDesignator=KF2 NewDesignator=KF3
Change Component Designator: OldDesignator=KF3 NewDesignator=KF2
Change Component Designator: OldDesignator=L1 NewDesignator=L3
Change Component Designator: OldDesignator=L2 NewDesignator=L1
Change Component Designator: OldDesignator=L3 NewDesignator=L2
Change Component Designator: OldDesignator=R1 NewDesignator=R3
Change Component Designator: OldDesignator=R2 NewDesignator=R1
Change Component Designator: OldDesignator=R3 NewDesignator=R2
Change Component Designator: OldDesignator=R4 NewDesignator=R8
Change Component Designator: OldDesignator=R6 NewDesignator=R4
Change Component Designator: OldDesignator=R7 NewDesignator=R11
Change Component Designator: OldDesignator=R8 NewDesignator=R12
Change Component Designator: OldDesignator=R9 NewDesignator=R10
Change Component Designator: OldDesignator=R10 NewDesignator=R14
Change Component Designator: OldDesignator=R11 NewDesignator=R15
Change Component Designator: OldDesignator=R12 NewDesignator=R13
Change Component Designator: OldDesignator=R13 NewDesignator=R6
Change Component Designator: OldDesignator=R14 NewDesignator=R7
Change Component Designator: OldDesignator=R15 NewDesignator=R9
Change Component Designator: OldDesignator=U1 NewDesignator=U3
Change Component Designator: OldDesignator=U3 NewDesignator=U1
