Change Component Designator: OldDesignator=C? NewDesignator=C1
Change Component Designator: OldDesignator=C? NewDesignator=C2
Change Component Designator: OldDesignator=C? NewDesignator=C3
Change Component Designator: OldDesignator=D? NewDesignator=D1
Change Component Designator: OldDesignator=L? NewDesignator=L1
Change Component Designator: OldDesignator=L? NewDesignator=L2
Change Component Designator: OldDesignator=Q? NewDesignator=Q1
Change Component Designator: OldDesignator=Q? NewDesignator=Q2
Change Component Designator: OldDesignator=Q? NewDesignator=Q3
Change Component Designator: OldDesignator=R? NewDesignator=R1
Change Component Designator: OldDesignator=R? NewDesignator=R2
Change Component Designator: OldDesignator=R? NewDesignator=R3
Change Component Designator: OldDesignator=R? NewDesignator=R4
Change Component Designator: OldDesignator=R? NewDesignator=R5
Change Component Designator: OldDesignator=U? NewDesignator=U1
Change Component Designator: OldDesignator=U? NewDesignator=U2
Change Component Designator: OldDesignator=U? NewDesignator=U3
Change Component Designator: OldDesignator=U? NewDesignator=U4
Change Component Designator: OldDesignator=USB? NewDesignator=USB1
Change Net Name : Old Net Name=NetD?_1 New Net Name=NetD1_1
Change Net Name : Old Net Name=NetL?_2 New Net Name=NetL2_2
Change Net Name : Old Net Name=NetQ?_1 New Net Name=NetQ2_2
Change Net Name : Old Net Name=NetQ?_2 New Net Name=NetQ1_2
Change Net Name : Old Net Name=NetQ?_6 New Net Name=NetQ1_6
Change Net Name : Old Net Name=NetR?_1 New Net Name=NetR5_1
Change Net Name : Old Net Name=NetR?_2 New Net Name=NetR3_2
Change Net Name : Old Net Name=NetU?_5 New Net Name=NetU4_5
Change Net Name : Old Net Name=NetU?_6 New Net Name=NetU4_6
Added Pin To Net: NetName=NetL1_2 Pin=L1-2
Added Pin To Net: NetName=NetL1_2 Pin=R1-2
Added Net: Name=NetL1_2
Added Pin To Net: NetName=NetQ1_1 Pin=Q1-1
Added Pin To Net: NetName=NetQ1_1 Pin=Q1-8
Added Net: Name=NetQ1_1
Added Pin To Net: NetName=NetQ2_1 Pin=Q2-1
Added Pin To Net: NetName=NetQ2_1 Pin=Q3-2
Added Pin To Net: NetName=NetQ2_1 Pin=R4-2
Added Net: Name=NetQ2_1
Added Pin To Net: NetName=NetR1_1 Pin=R1-1
Added Pin To Net: NetName=NetR1_1 Pin=U1-6
Added Net: Name=NetR1_1
Added Pin To Net: NetName=NetR2_1 Pin=R2-1
Added Pin To Net: NetName=NetR2_1 Pin=U1-7
Added Net: Name=NetR2_1
Added Pin To Net: NetName=NetR4_1 Pin=R4-1
Added Pin To Net: NetName=NetR4_1 Pin=U4-14
Added Net: Name=NetR4_1
Added Member To Class: ClassName=main Member=Component C1 104
Added Member To Class: ClassName=main Member=Component C2 10uF
Added Member To Class: ClassName=main Member=Component L2 LED
Added Member To Class: ClassName=main Member=Component Q2 BC817
Added Member To Class: ClassName=main Member=Component Q3 BC817
Added Member To Class: ClassName=main Member=Component R2 1k
Added Member To Class: ClassName=main Member=Component R3 1.2k
Added Member To Class: ClassName=main Member=Component R4 ?
Added Member To Class: ClassName=main Member=Component R5 ?
Added Member To Class: ClassName=main Member=Component U1 TP4056
Added Member To Class: ClassName=main Member=Component U2 DW01A
Added Member To Class: ClassName=main Member=Component U3 ESP32-C3_SUPERMINI
