Change Net Name : Old Net Name=NetC1_1 New Net Name=NetC3_1
Change Net Name : Old Net Name=NetC14_1 New Net Name=NetC24_1
Change Net Name : Old Net Name=NetC14_2 New Net Name=NetC24_2
Change Net Name : Old Net Name=NetC15_2 New Net Name=NetC27_2
Change Net Name : Old Net Name=NetC19_2 New Net Name=NetC29_2
Change Net Name : Old Net Name=NetC24_2 New Net Name=NetC16_2
Change Net Name : Old Net Name=NetC25_1 New Net Name=NetC15_1
Change Net Name : Old Net Name=NetC28_1 New Net Name=NetC13_1
Change Net Name : Old Net Name=NetC29_2 New Net Name=NetC11_2
Change Net Name : Old Net Name=NetC30_2 New Net Name=NetC12_2
Change Net Name : Old Net Name=NetC32_1 New Net Name=NetC9_1
Change Net Name : Old Net Name=NetD1_1 New Net Name=NetD2_1
Change Net Name : Old Net Name=NetD2_1 New Net Name=NetD1_1
Change Net Name : Old Net Name=NetIC1_6 New Net Name=NetIC2_6
Change Net Name : Old Net Name=NetIC1_7 New Net Name=NetIC2_7
Change Net Name : Old Net Name=NetIC2_1 New Net Name=NetIC1_1
Change Net Name : Old Net Name=NetIC2_3 New Net Name=NetIC1_3
Change Net Name : Old Net Name=NetIC2_7 New Net Name=NetIC1_7
Change Net Name : Old Net Name=NetIC2_10 New Net Name=NetIC1_10
Change Net Name : Old Net Name=NetIC2_14 New Net Name=NetIC1_14
Change Net Name : Old Net Name=NetIC2_16 New Net Name=NetIC1_16
Change Net Name : Old Net Name=NetL2_2 New Net Name=NetL1_2
Change Net Name : Old Net Name=NetL3_2 New Net Name=NetL2_2
Change Net Name : Old Net Name=NetR2_1 New Net Name=NetR1_1
Change Net Name : Old Net Name=NetR3_1 New Net Name=NetR2_1
Change Net Name : Old Net Name=NetR4_2 New Net Name=NetR8_2
Change Net Name : Old Net Name=NetR6_2 New Net Name=NetR4_2
Change Net Name : Old Net Name=NetU3_4 New Net Name=NetU1_4
Added Member To Class: ClassName=main Member=Component AMS1 AMS1117-3.3V
Added Member To Class: ClassName=main Member=Component BT1 Nut Nhan 4 Chan Cam 6x6
Added Member To Class: ClassName=main Member=Component BT2 Nut Nhan 2 Chan SMD 3x6x2.5
Added Member To Class: ClassName=main Member=Component C1 22uF
Added Member To Class: ClassName=main Member=Component C2 10uF
Added Member To Class: ClassName=main Member=Component C4 470uF
Added Member To Class: ClassName=main Member=Component C5 10uF
Added Member To Class: ClassName=main Member=Component C7 105
Added Member To Class: ClassName=main Member=Component C9 104
Added Member To Class: ClassName=main Member=Component C10 22uF
Added Member To Class: ClassName=main Member=Component C12 474
Added Member To Class: ClassName=main Member=Component C13 104
Added Member To Class: ClassName=main Member=Component C15 105
Added Member To Class: ClassName=main Member=Component C16 105
Added Member To Class: ClassName=main Member=Component C17 106
Added Member To Class: ClassName=main Member=Component C19 22uF
Added Member To Class: ClassName=main Member=Component C21 10uF
Added Member To Class: ClassName=main Member=Component C27 104
Added Member To Class: ClassName=main Member=Component C28 10uF
Added Member To Class: ClassName=main Member=Component D1 SS14
Added Member To Class: ClassName=main Member=Component IC1 PAM8403DR
Added Member To Class: ClassName=main Member=Component KF2 CON 2 KF301
Added Member To Class: ClassName=main Member=Component L1 LED
Added Member To Class: ClassName=main Member=Component R1 1k
Added Member To Class: ClassName=main Member=Component R2 1k
Added Member To Class: ClassName=main Member=Component R4 2.2k
Added Member To Class: ClassName=main Member=Component R7 10k
Added Member To Class: ClassName=main Member=Component R9 10k
Added Member To Class: ClassName=main Member=Component R11 2k
Added Member To Class: ClassName=main Member=Component R12 10k
Added Member To Class: ClassName=main Member=Component R13 10k
Added Member To Class: ClassName=main Member=Component U1 MT3608
