Removed Pin From Net: NetName=BAT+ Pin=SW1-1
Removed Pin From Net: NetName=Vout+ Pin=SW1-2
Removed Member From Class: ClassName=main Member=SW1
Added Component: Designator=SW?(SW_2ARS_TH)
Add component (AddParameter): Name = "Alternate Part Number-1"; Value = "NA"; VariantName = "[No Variations]"
Add component (AddParameter): Name = "Case/Package"; Value = "TH"; VariantName = "[No Variations]"
Add component (AddParameter): Name = "Manufacturer"; Value = "ITT C&K"; VariantName = "[No Variations]"
Add component (AddParameter): Name = "Manufacturer Part Number"; Value = "SRB23A2BBBNN"; VariantName = "[No Variations]"
Add component (AddParameter): Name = "Supplier Part Number-1"; Value = "SRB23A2BBBNN"; VariantName = "[No Variations]"
Add component (AddParameter): Name = "Supplier-1"; Value = "SP ROAD"; VariantName = "[No Variations]"
Added Pin To Net: NetName=BAT+ Pin=SW?-1
Added Pin To Net: NetName=Vout+ Pin=SW?-2
Added Member To Class: ClassName=main Member=Component C1 104
Added Member To Class: ClassName=main Member=Component C2 22uF
Added Member To Class: ClassName=main Member=Component D1 SS34 1N5822
Added Member To Class: ClassName=main Member=Component L1 22uH SMD
Added Member To Class: ClassName=main Member=Component L2 LED
Added Member To Class: ClassName=main Member=Component R1 100R
Added Member To Class: ClassName=main Member=Component R3 1k
Added Member To Class: ClassName=main Member=Component R4 1.2k
Added Member To Class: ClassName=main Member=Component SW? ROCKET SWITCH-10A
