Removed Pin From Net: NetName=+3.3V Pin=VR4-1
Removed Pin From Net: NetName=Bandpass Pin=VR4-2
Removed Pin From Net: NetName=GND Pin=VR4-3
Removed Pin From Net: NetName=+3.3V Pin=VR5-1
Removed Pin From Net: NetName=Highpass Pin=VR5-2
Removed Pin From Net: NetName=GND Pin=VR5-3
Removed Member From Class: ClassName=main Member=VR4
Removed Member From Class: ClassName=main Member=VR5
Change Component Designator: OldDesignator=BT? NewDesignator=BT1
Added Component: Designator=BT?(Nut Nhan 4 Chan Cam 6x6)
Add component (AddParameter): Name = "Ma_Hang"; Value = "MH004584"; VariantName = "[No Variations]"
Add component (AddParameter): Name = "Ten"; Value = "N·t Nh?n 4 ChŌn 6x6x5MM DIP"; VariantName = "[No Variations]"
Added Component: Designator=BT?(Nut Nhan 4 Chan Cam 6x6)
Add component (AddParameter): Name = "Ma_Hang"; Value = "MH004584"; VariantName = "[No Variations]"
Add component (AddParameter): Name = "Ten"; Value = "N·t Nh?n 4 ChŌn 6x6x5MM DIP"; VariantName = "[No Variations]"
Added Pin To Net: NetName=GND Pin=BT?-1
Added Pin To Net: NetName=GND Pin=BT?-1
Added Pin To Net: NetName=GND Pin=BT?-1
Added Pin To Net: NetName=GND Pin=BT?-1
Added Pin To Net: NetName=Bandpass Pin=BT?-2
Added Pin To Net: NetName=Bandpass Pin=BT?-2
Added Pin To Net: NetName=Highpass Pin=BT?-2
Added Pin To Net: NetName=Highpass Pin=BT?-2
Added Member To Class: ClassName=main Member=Component BT1 Nut Nhan 2 Chan SMD 3x6x2.5
Added Member To Class: ClassName=main Member=Component BT? Nut Nhan 4 Chan Cam 6x6
