Removed Pin From Net: NetName=+3.3V Pin=C3-1
Removed Pin From Net: NetName=NetQ2_2 Pin=Q3-1
Removed Pin From Net: NetName=NetQ2_1 Pin=Q3-2
Removed Pin From Net: NetName=NetQ2_1 Pin=R4-2
Removed Pin From Net: NetName=NetQ2_2 Pin=R5-2
Removed Pin From Net: NetName=+3.3V Pin=U4-4
Change Component Footprint: Designator=U3 Old Footprint=MODULE_ESP32-C3_SUPERMINI New Footprint=SOT23-5
Change Component Footprint: Designator=R5 Old Footprint=RES 0805 New Footprint=tro smd 0805
Change Component Footprint: Designator=C3 Old Footprint=tu 1206 New Footprint=tu tantalum smd3528
Change Component Comment : Designator=C3 Old Comment=104 New Comment=10uF
Change Component Comment : Designator=R5 Old Comment=? New Comment=1k
Change Component Comment : Designator=U3 Old Comment=ESP32-C3_SUPERMINI New Comment=MT3608
Change Component Designator: OldDesignator=C1 NewDesignator=C5
Change Component Designator: OldDesignator=C2 NewDesignator=C6
Change Component Designator: OldDesignator=D1 NewDesignator=D2
Change Component Designator: OldDesignator=L1 NewDesignator=L2
Change Component Designator: OldDesignator=L2 NewDesignator=L3
Change Component Designator: OldDesignator=R1 NewDesignator=R2
Change Component Designator: OldDesignator=R2 NewDesignator=R3
Change Component Designator: OldDesignator=R3 NewDesignator=R4
Change component parameters: Designator = "C3" ("C3"); Footprint = "tu 1206"; UniqueID = "\IZLOUPJA" ("\IZLOUPJA")
Change component parameters (AddParameter): Name = "Chung_Loai"; Value = "Dán"; VariantName = "[No Variations]"
Change component parameters (AddParameter): Name = "Don_Vi"; Value = "Con"; VariantName = "[No Variations]"
Change component parameters (AddParameter): Name = "Kieu_Chan"; Value = ""; VariantName = "[No Variations]"
Change component parameters (AddParameter): Name = "Ma_Hang"; Value = "MH007474"; VariantName = "[No Variations]"
Change component parameters (AddParameter): Name = "So_Chan"; Value = "2"; VariantName = "[No Variations]"
Change component parameters (AddParameter): Name = "Ten_Linh_Kien"; Value = "T? tantalum 106C-10uF 16V SMD3528"; VariantName = "[No Variations]"
Change component parameters: Designator = "R5" ("R5"); Footprint = "RES 0805"; UniqueID = "\FFRXLXPB" ("\FFRXLXPB")
Change component parameters (AddParameter): Name = "Chung_Loai"; Value = "Dán"; VariantName = "[No Variations]"
Change component parameters (AddParameter): Name = "Don_Vi"; Value = "Con"; VariantName = "[No Variations]"
Change component parameters (AddParameter): Name = "Kieu_Chan"; Value = ""; VariantName = "[No Variations]"
Change component parameters (AddParameter): Name = "Ma_Hang"; Value = "MH005468"; VariantName = "[No Variations]"
Change component parameters (AddParameter): Name = "So_Chan"; Value = "2"; VariantName = "[No Variations]"
Change component parameters (AddParameter): Name = "Ten_Linh_Kien"; Value = "Tr? 0805 1% 1k"; VariantName = "[No Variations]"
Change component parameters: Designator = "U3" ("U3"); Footprint = "MODULE_ESP32-C3_SUPERMINI"; UniqueID = "\ZBLORCJQ" ("\ZBLORCJQ")
Change component parameters (AddParameter): Name = "Alternate Part Number-1"; Value = "NA"; VariantName = "[No Variations]"
Change component parameters (AddParameter): Name = "Case/Package"; Value = "SOT-23-5"; VariantName = "[No Variations]"
Change component parameters (AddParameter): Name = "Manufacturer"; Value = "AEROSEMI"; VariantName = "[No Variations]"
Change component parameters (AddParameter): Name = "Manufacturer Part Number"; Value = "MT3608"; VariantName = "[No Variations]"
Change component parameters (AddParameter): Name = "Supplier Part Number-1"; Value = "NA"; VariantName = "[No Variations]"
Change component parameters (AddParameter): Name = "Supplier-1"; Value = "NA"; VariantName = "[No Variations]"
Added Component: Designator=A1(ESP32-WROVER-I)
Add component (AddParameter): Name = "Availability"; Value = "Unavailable"; VariantName = "[No Variations]"
Add component (AddParameter): Name = "MF"; Value = "Espressif Systems"; VariantName = "[No Variations]"
Add component (AddParameter): Name = "MP"; Value = "ESP32-WROVER-I"; VariantName = "[No Variations]"
Add component (AddParameter): Name = "Package"; Value = "Module Espressif Systems"; VariantName = "[No Variations]"
Add component (AddParameter): Name = "Price"; Value = "None"; VariantName = "[No Variations]"
Add component (AddParameter): Name = "SnapEDA_Link"; Value = "https://www.snapeda.com/parts/ESP32-WROVER-I/Espressif%20Systems/view-part/2298808/?ref=snap"; VariantName = "[No Variations]"
Add component (AddParameter): Name = "Value"; Value = ""; VariantName = "[No Variations]"
Added Component: Designator=AMS1(SOT223)
Add component (AddParameter): Name = "Chung_Loai"; Value = "Dán"; VariantName = "[No Variations]"
Add component (AddParameter): Name = "Don_Vi"; Value = "Con"; VariantName = "[No Variations]"
Add component (AddParameter): Name = "Ghi_Chu"; Value = ""; VariantName = "[No Variations]"
Add component (AddParameter): Name = "Kieu_Chan"; Value = ""; VariantName = "[No Variations]"
Add component (AddParameter): Name = "Ma_Hang"; Value = "MH000596"; VariantName = "[No Variations]"
Add component (AddParameter): Name = "Value"; Value = "AMS1117-3.3V SOT223"; VariantName = "[No Variations]"
Added Component: Designator=AMS2(SOT223)
Add component (AddParameter): Name = "Chung_Loai"; Value = "Dán"; VariantName = "[No Variations]"
Add component (AddParameter): Name = "Don_Vi"; Value = "Con"; VariantName = "[No Variations]"
Add component (AddParameter): Name = "Ghi_Chu"; Value = ""; VariantName = "[No Variations]"
Add component (AddParameter): Name = "Kieu_Chan"; Value = ""; VariantName = "[No Variations]"
Add component (AddParameter): Name = "Ma_Hang"; Value = "MH000596"; VariantName = "[No Variations]"
Add component (AddParameter): Name = "Value"; Value = "AMS1117-3.3V SOT223"; VariantName = "[No Variations]"
Added Component: Designator=BT1(Nut Nhan 2 Chan SMD 3x6x2.5)
Add component (AddParameter): Name = "Ma_Hang"; Value = "MH001036"; VariantName = "[No Variations]"
Add component (AddParameter): Name = "Ten"; Value = "Nút Nh?n 2 Chân 3x6x2.5MM SMD"; VariantName = "[No Variations]"
Added Component: Designator=BT2(Nut Nhan 2 Chan SMD 3x6x2.5)
Add component (AddParameter): Name = "Ma_Hang"; Value = "MH001036"; VariantName = "[No Variations]"
Add component (AddParameter): Name = "Ten"; Value = "Nút Nh?n 2 Chân 3x6x2.5MM SMD"; VariantName = "[No Variations]"
Added Component: Designator=C1(tu 0805)
Add component (AddParameter): Name = "Chung_Loai"; Value = "Dán"; VariantName = "[No Variations]"
Add component (AddParameter): Name = "Don_Vi"; Value = "Con"; VariantName = "[No Variations]"
Add component (AddParameter): Name = "Kieu_Chan"; Value = ""; VariantName = "[No Variations]"
Add component (AddParameter): Name = "Ma_Hang"; Value = "MH004551"; VariantName = "[No Variations]"
Add component (AddParameter): Name = "So_Chan"; Value = "2"; VariantName = "[No Variations]"
Add component (AddParameter): Name = "Ten_Linh_Kien"; Value = "T? 0805 104-100nF 10% 50V"; VariantName = "[No Variations]"
Added Component: Designator=C2(tu tantalum smd6032)
Add component (AddParameter): Name = "Chung_Loai"; Value = "Dán"; VariantName = "[No Variations]"
Add component (AddParameter): Name = "Don_Vi"; Value = "Con"; VariantName = "[No Variations]"
Add component (AddParameter): Name = "Kieu_Chan"; Value = ""; VariantName = "[No Variations]"
Add component (AddParameter): Name = "Ma_Hang"; Value = "MH002651"; VariantName = "[No Variations]"
Add component (AddParameter): Name = "So_Chan"; Value = "2"; VariantName = "[No Variations]"
Add component (AddParameter): Name = "Ten_Linh_Kien"; Value = "T? tantalum 226E-22uF 25V SMD6032"; VariantName = "[No Variations]"
Added Component: Designator=C4(tu tantalum smd6032)
Add component (AddParameter): Name = "Chung_Loai"; Value = "Dán"; VariantName = "[No Variations]"
Add component (AddParameter): Name = "Don_Vi"; Value = "Con"; VariantName = "[No Variations]"
Add component (AddParameter): Name = "Kieu_Chan"; Value = ""; VariantName = "[No Variations]"
Add component (AddParameter): Name = "Ma_Hang"; Value = "MH002651"; VariantName = "[No Variations]"
Add component (AddParameter): Name = "So_Chan"; Value = "2"; VariantName = "[No Variations]"
Add component (AddParameter): Name = "Ten_Linh_Kien"; Value = "T? tantalum 226E-22uF 25V SMD6032"; VariantName = "[No Variations]"
Added Component: Designator=C7(tu tantalum smd3528)
Add component (AddParameter): Name = "Chung_Loai"; Value = "Dán"; VariantName = "[No Variations]"
Add component (AddParameter): Name = "Don_Vi"; Value = "Con"; VariantName = "[No Variations]"
Add component (AddParameter): Name = "Kieu_Chan"; Value = ""; VariantName = "[No Variations]"
Add component (AddParameter): Name = "Ma_Hang"; Value = "MH007474"; VariantName = "[No Variations]"
Add component (AddParameter): Name = "So_Chan"; Value = "2"; VariantName = "[No Variations]"
Add component (AddParameter): Name = "Ten_Linh_Kien"; Value = "T? tantalum 106C-10uF 16V SMD3528"; VariantName = "[No Variations]"
Added Component: Designator=C8(tu tantalum smd3528)
Add component (AddParameter): Name = "Chung_Loai"; Value = "Dán"; VariantName = "[No Variations]"
Add component (AddParameter): Name = "Don_Vi"; Value = "Con"; VariantName = "[No Variations]"
Add component (AddParameter): Name = "Kieu_Chan"; Value = ""; VariantName = "[No Variations]"
Add component (AddParameter): Name = "Ma_Hang"; Value = "MH007474"; VariantName = "[No Variations]"
Add component (AddParameter): Name = "So_Chan"; Value = "2"; VariantName = "[No Variations]"
Add component (AddParameter): Name = "Ten_Linh_Kien"; Value = "T? tantalum 106C-10uF 16V SMD3528"; VariantName = "[No Variations]"
Added Component: Designator=C9(tu 0805)
Add component (AddParameter): Name = "Chung_Loai"; Value = "Dán"; VariantName = "[No Variations]"
Add component (AddParameter): Name = "Don_Vi"; Value = "Con"; VariantName = "[No Variations]"
Add component (AddParameter): Name = "Kieu_Chan"; Value = ""; VariantName = "[No Variations]"
Add component (AddParameter): Name = "Ma_Hang"; Value = "MH004551"; VariantName = "[No Variations]"
Add component (AddParameter): Name = "So_Chan"; Value = "2"; VariantName = "[No Variations]"
Add component (AddParameter): Name = "Ten_Linh_Kien"; Value = "T? 0805 104-100nF 10% 50V"; VariantName = "[No Variations]"
Added Component: Designator=C10(tu 0805)
Add component (AddParameter): Name = "Chung_Loai"; Value = "Dán"; VariantName = "[No Variations]"
Add component (AddParameter): Name = "Don_Vi"; Value = "Con"; VariantName = "[No Variations]"
Add component (AddParameter): Name = "Kieu_Chan"; Value = ""; VariantName = "[No Variations]"
Add component (AddParameter): Name = "Ma_Hang"; Value = "MH004551"; VariantName = "[No Variations]"
Add component (AddParameter): Name = "So_Chan"; Value = "2"; VariantName = "[No Variations]"
Add component (AddParameter): Name = "Ten_Linh_Kien"; Value = "T? 0805 104-100nF 10% 50V"; VariantName = "[No Variations]"
Added Component: Designator=C11(tu tantalum smd3528)
Add component (AddParameter): Name = "Chung_Loai"; Value = "Dán"; VariantName = "[No Variations]"
Add component (AddParameter): Name = "Don_Vi"; Value = "Con"; VariantName = "[No Variations]"
Add component (AddParameter): Name = "Kieu_Chan"; Value = ""; VariantName = "[No Variations]"
Add component (AddParameter): Name = "Ma_Hang"; Value = "MH007474"; VariantName = "[No Variations]"
Add component (AddParameter): Name = "So_Chan"; Value = "2"; VariantName = "[No Variations]"
Add component (AddParameter): Name = "Ten_Linh_Kien"; Value = "T? tantalum 106C-10uF 16V SMD3528"; VariantName = "[No Variations]"
Added Component: Designator=C12(tu tantalum smd6032)
Add component (AddParameter): Name = "Chung_Loai"; Value = "Dán"; VariantName = "[No Variations]"
Add component (AddParameter): Name = "Don_Vi"; Value = "Con"; VariantName = "[No Variations]"
Add component (AddParameter): Name = "Kieu_Chan"; Value = ""; VariantName = "[No Variations]"
Add component (AddParameter): Name = "Ma_Hang"; Value = "MH002651"; VariantName = "[No Variations]"
Add component (AddParameter): Name = "So_Chan"; Value = "2"; VariantName = "[No Variations]"
Add component (AddParameter): Name = "Ten_Linh_Kien"; Value = "T? tantalum 226E-22uF 25V SMD6032"; VariantName = "[No Variations]"
Added Component: Designator=C13(tu tantalum smd6032)
Add component (AddParameter): Name = "Chung_Loai"; Value = "Dán"; VariantName = "[No Variations]"
Add component (AddParameter): Name = "Don_Vi"; Value = "Con"; VariantName = "[No Variations]"
Add component (AddParameter): Name = "Kieu_Chan"; Value = ""; VariantName = "[No Variations]"
Add component (AddParameter): Name = "Ma_Hang"; Value = "MH002651"; VariantName = "[No Variations]"
Add component (AddParameter): Name = "So_Chan"; Value = "2"; VariantName = "[No Variations]"
Add component (AddParameter): Name = "Ten_Linh_Kien"; Value = "T? tantalum 226E-22uF 25V SMD6032"; VariantName = "[No Variations]"
Added Component: Designator=C14(tu 0805)
Add component (AddParameter): Name = "Chung_Loai"; Value = "Dán"; VariantName = "[No Variations]"
Add component (AddParameter): Name = "Don_Vi"; Value = "Con"; VariantName = "[No Variations]"
Add component (AddParameter): Name = "Kieu_Chan"; Value = ""; VariantName = "[No Variations]"
Add component (AddParameter): Name = "Ma_Hang"; Value = "MH007483"; VariantName = "[No Variations]"
Add component (AddParameter): Name = "So_Chan"; Value = "2"; VariantName = "[No Variations]"
Add component (AddParameter): Name = "Ten_Linh_Kien"; Value = "T? 0805 225-2.2uF 25V 10%"; VariantName = "[No Variations]"
Added Component: Designator=C15(tu tantalum smd3528)
Add component (AddParameter): Name = "Chung_Loai"; Value = "Dán"; VariantName = "[No Variations]"
Add component (AddParameter): Name = "Don_Vi"; Value = "Con"; VariantName = "[No Variations]"
Add component (AddParameter): Name = "Kieu_Chan"; Value = ""; VariantName = "[No Variations]"
Add component (AddParameter): Name = "Ma_Hang"; Value = "MH007474"; VariantName = "[No Variations]"
Add component (AddParameter): Name = "So_Chan"; Value = "2"; VariantName = "[No Variations]"
Add component (AddParameter): Name = "Ten_Linh_Kien"; Value = "T? tantalum 106C-10uF 16V SMD3528"; VariantName = "[No Variations]"
Added Component: Designator=C16(tu 0805)
Add component (AddParameter): Name = "Chung_Loai"; Value = "Dán"; VariantName = "[No Variations]"
Add component (AddParameter): Name = "Don_Vi"; Value = "Con"; VariantName = "[No Variations]"
Add component (AddParameter): Name = "Kieu_Chan"; Value = ""; VariantName = "[No Variations]"
Add component (AddParameter): Name = "Ma_Hang"; Value = "MH004551"; VariantName = "[No Variations]"
Add component (AddParameter): Name = "So_Chan"; Value = "2"; VariantName = "[No Variations]"
Add component (AddParameter): Name = "Ten_Linh_Kien"; Value = "T? 0805 104-100nF 10% 50V"; VariantName = "[No Variations]"
Added Component: Designator=C17(tu 0805)
Add component (AddParameter): Name = "Chung_Loai"; Value = "Dán"; VariantName = "[No Variations]"
Add component (AddParameter): Name = "Don_Vi"; Value = "Con"; VariantName = "[No Variations]"
Add component (AddParameter): Name = "Kieu_Chan"; Value = ""; VariantName = "[No Variations]"
Add component (AddParameter): Name = "Ma_Hang"; Value = "MH004557"; VariantName = "[No Variations]"
Add component (AddParameter): Name = "So_Chan"; Value = "2"; VariantName = "[No Variations]"
Add component (AddParameter): Name = "Ten_Linh_Kien"; Value = "T? 0805 222-2.2nF 10% 50V"; VariantName = "[No Variations]"
Added Component: Designator=C18(tu 0805)
Add component (AddParameter): Name = "Chung_Loai"; Value = "Dán"; VariantName = "[No Variations]"
Add component (AddParameter): Name = "Don_Vi"; Value = "Con"; VariantName = "[No Variations]"
Add component (AddParameter): Name = "Kieu_Chan"; Value = ""; VariantName = "[No Variations]"
Add component (AddParameter): Name = "Ma_Hang"; Value = "MH004557"; VariantName = "[No Variations]"
Add component (AddParameter): Name = "So_Chan"; Value = "2"; VariantName = "[No Variations]"
Add component (AddParameter): Name = "Ten_Linh_Kien"; Value = "T? 0805 222-2.2nF 10% 50V"; VariantName = "[No Variations]"
Added Component: Designator=C19(tu 0805)
Add component (AddParameter): Name = "Chung_Loai"; Value = "Dán"; VariantName = "[No Variations]"
Add component (AddParameter): Name = "Don_Vi"; Value = "Con"; VariantName = "[No Variations]"
Add component (AddParameter): Name = "Kieu_Chan"; Value = ""; VariantName = "[No Variations]"
Add component (AddParameter): Name = "Ma_Hang"; Value = "MH007483"; VariantName = "[No Variations]"
Add component (AddParameter): Name = "So_Chan"; Value = "2"; VariantName = "[No Variations]"
Add component (AddParameter): Name = "Ten_Linh_Kien"; Value = "T? 0805 225-2.2uF 25V 10%"; VariantName = "[No Variations]"
Added Component: Designator=C20(tu tantalum smd3528)
Add component (AddParameter): Name = "Chung_Loai"; Value = "Dán"; VariantName = "[No Variations]"
Add component (AddParameter): Name = "Don_Vi"; Value = "Con"; VariantName = "[No Variations]"
Add component (AddParameter): Name = "Kieu_Chan"; Value = ""; VariantName = "[No Variations]"
Add component (AddParameter): Name = "Ma_Hang"; Value = "MH007474"; VariantName = "[No Variations]"
Add component (AddParameter): Name = "So_Chan"; Value = "2"; VariantName = "[No Variations]"
Add component (AddParameter): Name = "Ten_Linh_Kien"; Value = "T? tantalum 106C-10uF 16V SMD3528"; VariantName = "[No Variations]"
Added Component: Designator=C21(tu 0805)
Add component (AddParameter): Name = "Chung_Loai"; Value = "Dán"; VariantName = "[No Variations]"
Add component (AddParameter): Name = "Don_Vi"; Value = "Con"; VariantName = "[No Variations]"
Add component (AddParameter): Name = "Kieu_Chan"; Value = ""; VariantName = "[No Variations]"
Add component (AddParameter): Name = "Ma_Hang"; Value = "MH004551"; VariantName = "[No Variations]"
Add component (AddParameter): Name = "So_Chan"; Value = "2"; VariantName = "[No Variations]"
Add component (AddParameter): Name = "Ten_Linh_Kien"; Value = "T? 0805 104-100nF 10% 50V"; VariantName = "[No Variations]"
Added Component: Designator=C22(tu tantalum smd6032)
Add component (AddParameter): Name = "Chung_Loai"; Value = "Dán"; VariantName = "[No Variations]"
Add component (AddParameter): Name = "Don_Vi"; Value = "Con"; VariantName = "[No Variations]"
Add component (AddParameter): Name = "Kieu_Chan"; Value = ""; VariantName = "[No Variations]"
Add component (AddParameter): Name = "Ma_Hang"; Value = "MH002651"; VariantName = "[No Variations]"
Add component (AddParameter): Name = "So_Chan"; Value = "2"; VariantName = "[No Variations]"
Add component (AddParameter): Name = "Ten_Linh_Kien"; Value = "T? tantalum 226E-22uF 25V SMD6032"; VariantName = "[No Variations]"
Added Component: Designator=C23(tu tantalum smd6032)
Add component (AddParameter): Name = "Chung_Loai"; Value = "Dán"; VariantName = "[No Variations]"
Add component (AddParameter): Name = "Don_Vi"; Value = "Con"; VariantName = "[No Variations]"
Add component (AddParameter): Name = "Kieu_Chan"; Value = ""; VariantName = "[No Variations]"
Add component (AddParameter): Name = "Ma_Hang"; Value = "MH002651"; VariantName = "[No Variations]"
Add component (AddParameter): Name = "So_Chan"; Value = "2"; VariantName = "[No Variations]"
Add component (AddParameter): Name = "Ten_Linh_Kien"; Value = "T? tantalum 226E-22uF 25V SMD6032"; VariantName = "[No Variations]"
Added Component: Designator=C24(tu tantalum smd3216)
Add component (AddParameter): Name = "Chung_Loai"; Value = "Dán"; VariantName = "[No Variations]"
Add component (AddParameter): Name = "Don_Vi"; Value = "Con"; VariantName = "[No Variations]"
Add component (AddParameter): Name = "Kieu_Chan"; Value = ""; VariantName = "[No Variations]"
Add component (AddParameter): Name = "Ma_Hang"; Value = "MH007472"; VariantName = "[No Variations]"
Add component (AddParameter): Name = "So_Chan"; Value = "2"; VariantName = "[No Variations]"
Add component (AddParameter): Name = "Ten_Linh_Kien"; Value = "T? tantalum 105E-1uF 25V SMD3216"; VariantName = "[No Variations]"
Added Component: Designator=C25(tu tantalum smd3216)
Add component (AddParameter): Name = "Chung_Loai"; Value = "Dán"; VariantName = "[No Variations]"
Add component (AddParameter): Name = "Don_Vi"; Value = "Con"; VariantName = "[No Variations]"
Add component (AddParameter): Name = "Kieu_Chan"; Value = ""; VariantName = "[No Variations]"
Add component (AddParameter): Name = "Ma_Hang"; Value = "MH007472"; VariantName = "[No Variations]"
Add component (AddParameter): Name = "So_Chan"; Value = "2"; VariantName = "[No Variations]"
Add component (AddParameter): Name = "Ten_Linh_Kien"; Value = "T? tantalum 105E-1uF 25V SMD3216"; VariantName = "[No Variations]"
Added Component: Designator=C26(tu nhom 8 (f))
Add component (AddParameter): Name = "Chung_Loai"; Value = "Dán"; VariantName = "[No Variations]"
Add component (AddParameter): Name = "Don_Vi"; Value = "Con"; VariantName = "[No Variations]"
Add component (AddParameter): Name = "Kieu_Chan"; Value = ""; VariantName = "[No Variations]"
Add component (AddParameter): Name = "Ma_Hang"; Value = "MH001940"; VariantName = "[No Variations]"
Add component (AddParameter): Name = "So_Chan"; Value = "2"; VariantName = "[No Variations]"
Add component (AddParameter): Name = "Ten_Linh_Kien"; Value = "T? Nhôm 470uF 16V 8x10.4MM"; VariantName = "[No Variations]"
Added Component: Designator=C27(tu tantalum smd3216)
Add component (AddParameter): Name = "Chung_Loai"; Value = "Dán"; VariantName = "[No Variations]"
Add component (AddParameter): Name = "Don_Vi"; Value = "Con"; VariantName = "[No Variations]"
Add component (AddParameter): Name = "Kieu_Chan"; Value = ""; VariantName = "[No Variations]"
Add component (AddParameter): Name = "Ma_Hang"; Value = "MH007472"; VariantName = "[No Variations]"
Add component (AddParameter): Name = "So_Chan"; Value = "2"; VariantName = "[No Variations]"
Add component (AddParameter): Name = "Ten_Linh_Kien"; Value = "T? tantalum 105E-1uF 25V SMD3216"; VariantName = "[No Variations]"
Added Component: Designator=C28(tu 0805)
Add component (AddParameter): Name = "Chung_Loai"; Value = "Dán"; VariantName = "[No Variations]"
Add component (AddParameter): Name = "Don_Vi"; Value = "Con"; VariantName = "[No Variations]"
Add component (AddParameter): Name = "Kieu_Chan"; Value = ""; VariantName = "[No Variations]"
Add component (AddParameter): Name = "Ma_Hang"; Value = "MH004551"; VariantName = "[No Variations]"
Add component (AddParameter): Name = "So_Chan"; Value = "2"; VariantName = "[No Variations]"
Add component (AddParameter): Name = "Ten_Linh_Kien"; Value = "T? 0805 104-100nF 10% 50V"; VariantName = "[No Variations]"
Added Component: Designator=C29(tu 0805)
Add component (AddParameter): Name = "Chung_Loai"; Value = "Dán"; VariantName = "[No Variations]"
Add component (AddParameter): Name = "Don_Vi"; Value = "Con"; VariantName = "[No Variations]"
Add component (AddParameter): Name = "Kieu_Chan"; Value = ""; VariantName = "[No Variations]"
Add component (AddParameter): Name = "Ma_Hang"; Value = "MH006116"; VariantName = "[No Variations]"
Add component (AddParameter): Name = "So_Chan"; Value = "2"; VariantName = "[No Variations]"
Add component (AddParameter): Name = "Ten_Linh_Kien"; Value = "T? 0805 474-470nF 50V 10%"; VariantName = "[No Variations]"
Added Component: Designator=C30(tu 0805)
Add component (AddParameter): Name = "Chung_Loai"; Value = "Dán"; VariantName = "[No Variations]"
Add component (AddParameter): Name = "Don_Vi"; Value = "Con"; VariantName = "[No Variations]"
Add component (AddParameter): Name = "Kieu_Chan"; Value = ""; VariantName = "[No Variations]"
Add component (AddParameter): Name = "Ma_Hang"; Value = "MH006116"; VariantName = "[No Variations]"
Add component (AddParameter): Name = "So_Chan"; Value = "2"; VariantName = "[No Variations]"
Add component (AddParameter): Name = "Ten_Linh_Kien"; Value = "T? 0805 474-470nF 50V 10%"; VariantName = "[No Variations]"
Added Component: Designator=C31(tu 0805)
Add component (AddParameter): Name = "Chung_Loai"; Value = "Dán"; VariantName = "[No Variations]"
Add component (AddParameter): Name = "Don_Vi"; Value = "Con"; VariantName = "[No Variations]"
Add component (AddParameter): Name = "Kieu_Chan"; Value = ""; VariantName = "[No Variations]"
Add component (AddParameter): Name = "Ma_Hang"; Value = "MH004553"; VariantName = "[No Variations]"
Add component (AddParameter): Name = "So_Chan"; Value = "2"; VariantName = "[No Variations]"
Add component (AddParameter): Name = "Ten_Linh_Kien"; Value = "T? 0805 106-10uF 10% 16V"; VariantName = "[No Variations]"
Added Component: Designator=C32(tu 0805)
Add component (AddParameter): Name = "Chung_Loai"; Value = "Dán"; VariantName = "[No Variations]"
Add component (AddParameter): Name = "Don_Vi"; Value = "Con"; VariantName = "[No Variations]"
Add component (AddParameter): Name = "Kieu_Chan"; Value = ""; VariantName = "[No Variations]"
Add component (AddParameter): Name = "Ma_Hang"; Value = "MH004551"; VariantName = "[No Variations]"
Add component (AddParameter): Name = "So_Chan"; Value = "2"; VariantName = "[No Variations]"
Add component (AddParameter): Name = "Ten_Linh_Kien"; Value = "T? 0805 104-100nF 10% 50V"; VariantName = "[No Variations]"
Added Component: Designator=D1(DIODE SMA)
Add component (AddParameter): Name = "Chung_Loai"; Value = "Dán"; VariantName = "[No Variations]"
Add component (AddParameter): Name = "Don_Vi"; Value = "Con"; VariantName = "[No Variations]"
Add component (AddParameter): Name = "Ghi_Chu"; Value = ""; VariantName = "[No Variations]"
Add component (AddParameter): Name = "Kieu_Chan"; Value = ""; VariantName = "[No Variations]"
Add component (AddParameter): Name = "Ma_Hang"; Value = "MH002104"; VariantName = "[No Variations]"
Add component (AddParameter): Name = "Ten_Linh_Kien"; Value = "Diode SS34 3A 40V SMA ( 1N5822 SS34A)"; VariantName = "[No Variations]"
Added Component: Designator=IC1(SOP65P640X120-20N)
Add component (AddParameter): Name = "Arrow Part Number"; Value = "PCM5102APWR"; VariantName = "[No Variations]"
Add component (AddParameter): Name = "Arrow Price/Stock"; Value = "null?utm_currency=USD&region=nac"; VariantName = "[No Variations]"
Add component (AddParameter): Name = "Datasheet Link"; Value = "https://componentsearchengine.com/Datasheets/2/PCM5102APWR.pdf"; VariantName = "[No Variations]"
Add component (AddParameter): Name = "Height"; Value = "1.2mm"; VariantName = "[No Variations]"
Add component (AddParameter): Name = "Manufacturer_Name"; Value = "Texas Instruments"; VariantName = "[No Variations]"
Add component (AddParameter): Name = "Manufacturer_Part_Number"; Value = "PCM5102APWR"; VariantName = "[No Variations]"
Add component (AddParameter): Name = "Mouser Part Number"; Value = "595-PCM5102APWR"; VariantName = "[No Variations]"
Add component (AddParameter): Name = "Mouser Price/Stock"; Value = "https://www.mouser.co.uk/ProductDetail/Texas-Instruments/PCM5102APWR?qs=E2%2FxqS9xjzrfECkwEYoiyg%3D%3D"; VariantName = "[No Variations]"
Added Component: Designator=IC2(SOIC127P600X126-16N)
Add component (AddParameter): Name = "Arrow Part Number"; Value = "PAM8403DR"; VariantName = "[No Variations]"
Add component (AddParameter): Name = "Arrow Price/Stock"; Value = "https://www.arrow.com/en/products/pam8403dr/diodes-incorporated?utm_currency=USD&region=nac"; VariantName = "[No Variations]"
Add component (AddParameter): Name = "Datasheet Link"; Value = "https://www.diodes.com/assets/Datasheets/products_inactive_data/PAM8403.pdf"; VariantName = "[No Variations]"
Add component (AddParameter): Name = "Height"; Value = "1.26mm"; VariantName = "[No Variations]"
Add component (AddParameter): Name = "Manufacturer_Name"; Value = "Diodes Incorporated"; VariantName = "[No Variations]"
Add component (AddParameter): Name = "Manufacturer_Part_Number"; Value = "PAM8403DR"; VariantName = "[No Variations]"
Add component (AddParameter): Name = "Mouser Part Number"; Value = "621-PAM8403DR"; VariantName = "[No Variations]"
Add component (AddParameter): Name = "Mouser Price/Stock"; Value = "https://www.mouser.co.uk/ProductDetail/Diodes-Incorporated/PAM8403DR?qs=pYVYkI7xuRWy4KLk4EstIg%3D%3D"; VariantName = "[No Variations]"
Added Component: Designator=JP1(JP 1x6 CC)
Add component (AddParameter): Name = "Chung_Loai"; Value = "C?m"; VariantName = "[No Variations]"
Add component (AddParameter): Name = "Don_Vi"; Value = "Con"; VariantName = "[No Variations]"
Add component (AddParameter): Name = "Ghi_Chu"; Value = ""; VariantName = "[No Variations]"
Add component (AddParameter): Name = "Kieu_Chan"; Value = ""; VariantName = "[No Variations]"
Add component (AddParameter): Name = "Ma_Hang"; Value = "MH001265"; VariantName = "[No Variations]"
Add component (AddParameter): Name = "Ten_Linh_Kien"; Value = "Jump Đon Cái 2.54MM 1x40P Cong"; VariantName = "[No Variations]"
Added Component: Designator=JP2(JP 1x4 CC)
Add component (AddParameter): Name = "Chung_Loai"; Value = "C?m"; VariantName = "[No Variations]"
Add component (AddParameter): Name = "Don_Vi"; Value = "Con"; VariantName = "[No Variations]"
Add component (AddParameter): Name = "Ghi_Chu"; Value = ""; VariantName = "[No Variations]"
Add component (AddParameter): Name = "Kieu_Chan"; Value = ""; VariantName = "[No Variations]"
Add component (AddParameter): Name = "Ma_Hang"; Value = "MH001265"; VariantName = "[No Variations]"
Add component (AddParameter): Name = "Ten_Linh_Kien"; Value = "Jump Đon Cái 2.54MM 1x40P Cong"; VariantName = "[No Variations]"
Added Component: Designator=KF1(Con 2 KF301 5.08)
Add component (AddParameter): Name = "Chung_Loai"; Value = "C?m"; VariantName = "[No Variations]"
Add component (AddParameter): Name = "Don_Vi"; Value = "Con"; VariantName = "[No Variations]"
Add component (AddParameter): Name = "Ghi_Chu"; Value = ""; VariantName = "[No Variations]"
Add component (AddParameter): Name = "Kieu_Chan"; Value = ""; VariantName = "[No Variations]"
Add component (AddParameter): Name = "Ma_Hang"; Value = "MH000987"; VariantName = "[No Variations]"
Add component (AddParameter): Name = "Ten_Linh_Kien"; Value = "CON 2 KF301-2P 5.08MM Xanh Duong"; VariantName = "[No Variations]"
Added Component: Designator=KF2(Con 2 KF301 5.08)
Add component (AddParameter): Name = "Chung_Loai"; Value = "C?m"; VariantName = "[No Variations]"
Add component (AddParameter): Name = "Don_Vi"; Value = "Con"; VariantName = "[No Variations]"
Add component (AddParameter): Name = "Ghi_Chu"; Value = ""; VariantName = "[No Variations]"
Add component (AddParameter): Name = "Kieu_Chan"; Value = ""; VariantName = "[No Variations]"
Add component (AddParameter): Name = "Ma_Hang"; Value = "MH000987"; VariantName = "[No Variations]"
Add component (AddParameter): Name = "Ten_Linh_Kien"; Value = "CON 2 KF301-2P 5.08MM Xanh Duong"; VariantName = "[No Variations]"
Added Component: Designator=KF3(Con 2 KF301 5.08)
Add component (AddParameter): Name = "Chung_Loai"; Value = "C?m"; VariantName = "[No Variations]"
Add component (AddParameter): Name = "Don_Vi"; Value = "Con"; VariantName = "[No Variations]"
Add component (AddParameter): Name = "Ghi_Chu"; Value = ""; VariantName = "[No Variations]"
Add component (AddParameter): Name = "Kieu_Chan"; Value = ""; VariantName = "[No Variations]"
Add component (AddParameter): Name = "Ma_Hang"; Value = "MH000987"; VariantName = "[No Variations]"
Add component (AddParameter): Name = "Ten_Linh_Kien"; Value = "CON 2 KF301-2P 5.08MM Xanh Duong"; VariantName = "[No Variations]"
Added Component: Designator=L1(Cuon Cam 7x7x5)
Add component (AddParameter): Name = "Chung_Loai"; Value = "Dán"; VariantName = "[No Variations]"
Add component (AddParameter): Name = "Don_Vi"; Value = "Con"; VariantName = "[No Variations]"
Add component (AddParameter): Name = "Ghi_Chu"; Value = ""; VariantName = "[No Variations]"
Add component (AddParameter): Name = "Kieu_Chan"; Value = ""; VariantName = "[No Variations]"
Add component (AddParameter): Name = "Ma_Hang"; Value = "MH004211"; VariantName = "[No Variations]"
Add component (AddParameter): Name = "Ten_Linh_Kien"; Value = "Cu?n C?m 47uH 7x7x4MM CD74R"; VariantName = "[No Variations]"
Added Component: Designator=L4(LED-0805-Red)
Add component (AddParameter): Name = "Chung_Loai"; Value = "Dán"; VariantName = "[No Variations]"
Add component (AddParameter): Name = "Don_Vi"; Value = "Con"; VariantName = "[No Variations]"
Add component (AddParameter): Name = "Ghi_Chu"; Value = ""; VariantName = "[No Variations]"
Add component (AddParameter): Name = "Kieu_Chan"; Value = ""; VariantName = "[No Variations]"
Add component (AddParameter): Name = "Ma_Hang"; Value = "MH000897"; VariantName = "[No Variations]"
Add component (AddParameter): Name = "Ten_Linh_Kien"; Value = "LED 0805 Mŕu Đ? (Red)"; VariantName = "[No Variations]"
Added Component: Designator=R1(tro smd 0805)
Add component (AddParameter): Name = "Chung_Loai"; Value = "Dán"; VariantName = "[No Variations]"
Add component (AddParameter): Name = "Don_Vi"; Value = "Con"; VariantName = "[No Variations]"
Add component (AddParameter): Name = "Kieu_Chan"; Value = ""; VariantName = "[No Variations]"
Add component (AddParameter): Name = "Ma_Hang"; Value = "MH005251"; VariantName = "[No Variations]"
Add component (AddParameter): Name = "So_Chan"; Value = "2"; VariantName = "[No Variations]"
Add component (AddParameter): Name = "Ten_Linh_Kien"; Value = "Tr? 0805 5% 100R"; VariantName = "[No Variations]"
Added Component: Designator=R6(tro smd 0805)
Add component (AddParameter): Name = "Chung_Loai"; Value = "Dán"; VariantName = "[No Variations]"
Add component (AddParameter): Name = "Don_Vi"; Value = "Con"; VariantName = "[No Variations]"
Add component (AddParameter): Name = "Kieu_Chan"; Value = ""; VariantName = "[No Variations]"
Add component (AddParameter): Name = "Ma_Hang"; Value = "MH005237"; VariantName = "[No Variations]"
Add component (AddParameter): Name = "So_Chan"; Value = "2"; VariantName = "[No Variations]"
Add component (AddParameter): Name = "Ten_Linh_Kien"; Value = "Tr? 0805 5% 2.2k"; VariantName = "[No Variations]"
Added Component: Designator=R7(tro smd 0805)
Add component (AddParameter): Name = "Chung_Loai"; Value = "Dán"; VariantName = "[No Variations]"
Add component (AddParameter): Name = "Don_Vi"; Value = "Con"; VariantName = "[No Variations]"
Add component (AddParameter): Name = "Kieu_Chan"; Value = ""; VariantName = "[No Variations]"
Add component (AddParameter): Name = "Ma_Hang"; Value = "MH005471"; VariantName = "[No Variations]"
Add component (AddParameter): Name = "So_Chan"; Value = "2"; VariantName = "[No Variations]"
Add component (AddParameter): Name = "Ten_Linh_Kien"; Value = "Tr? 0805 1% 2k"; VariantName = "[No Variations]"
Added Component: Designator=R8(tro smd 0805)
Add component (AddParameter): Name = "Chung_Loai"; Value = "Dán"; VariantName = "[No Variations]"
Add component (AddParameter): Name = "Don_Vi"; Value = "Con"; VariantName = "[No Variations]"
Add component (AddParameter): Name = "Kieu_Chan"; Value = ""; VariantName = "[No Variations]"
Add component (AddParameter): Name = "Ma_Hang"; Value = "MH005239"; VariantName = "[No Variations]"
Add component (AddParameter): Name = "So_Chan"; Value = "2"; VariantName = "[No Variations]"
Add component (AddParameter): Name = "Ten_Linh_Kien"; Value = "Tr? 0805 5% 10k"; VariantName = "[No Variations]"
Added Component: Designator=R9(tro smd 0805)
Add component (AddParameter): Name = "Chung_Loai"; Value = "Dán"; VariantName = "[No Variations]"
Add component (AddParameter): Name = "Don_Vi"; Value = "Con"; VariantName = "[No Variations]"
Add component (AddParameter): Name = "Kieu_Chan"; Value = ""; VariantName = "[No Variations]"
Add component (AddParameter): Name = "Ma_Hang"; Value = "MH005239"; VariantName = "[No Variations]"
Add component (AddParameter): Name = "So_Chan"; Value = "2"; VariantName = "[No Variations]"
Add component (AddParameter): Name = "Ten_Linh_Kien"; Value = "Tr? 0805 5% 10k"; VariantName = "[No Variations]"
Added Component: Designator=R10(Tro SMD 0805)
Add component (AddParameter): Name = "Chung_Loai"; Value = "Dán"; VariantName = "[No Variations]"
Add component (AddParameter): Name = "Don_Vi"; Value = "Con"; VariantName = "[No Variations]"
Add component (AddParameter): Name = "Kieu_Chan"; Value = ""; VariantName = "[No Variations]"
Add component (AddParameter): Name = "Ma_Hang"; Value = "MH005341"; VariantName = "[No Variations]"
Add component (AddParameter): Name = "So_Chan"; Value = "2"; VariantName = "[No Variations]"
Add component (AddParameter): Name = "Ten_Linh_Kien"; Value = "Tr? 0805 5% 470R"; VariantName = "[No Variations]"
Added Component: Designator=R11(Tro SMD 0805)
Add component (AddParameter): Name = "Chung_Loai"; Value = "Dán"; VariantName = "[No Variations]"
Add component (AddParameter): Name = "Don_Vi"; Value = "Con"; VariantName = "[No Variations]"
Add component (AddParameter): Name = "Kieu_Chan"; Value = ""; VariantName = "[No Variations]"
Add component (AddParameter): Name = "Ma_Hang"; Value = "MH005341"; VariantName = "[No Variations]"
Add component (AddParameter): Name = "So_Chan"; Value = "2"; VariantName = "[No Variations]"
Add component (AddParameter): Name = "Ten_Linh_Kien"; Value = "Tr? 0805 5% 470R"; VariantName = "[No Variations]"
Added Component: Designator=R12(tro smd 0805)
Add component (AddParameter): Name = "Chung_Loai"; Value = "Dán"; VariantName = "[No Variations]"
Add component (AddParameter): Name = "Don_Vi"; Value = "Con"; VariantName = "[No Variations]"
Add component (AddParameter): Name = "Kieu_Chan"; Value = ""; VariantName = "[No Variations]"
Add component (AddParameter): Name = "Ma_Hang"; Value = "MH005239"; VariantName = "[No Variations]"
Add component (AddParameter): Name = "So_Chan"; Value = "2"; VariantName = "[No Variations]"
Add component (AddParameter): Name = "Ten_Linh_Kien"; Value = "Tr? 0805 5% 10k"; VariantName = "[No Variations]"
Added Component: Designator=R13(RES 0805)
Add component (AddParameter): Name = "Category"; Value = "Resistors"; VariantName = "[No Variations]"
Add component (AddParameter): Name = "ComponentLink1Description"; Value = "http://www.vishay.com/docs/20035/dcrcwe3.pdf"; VariantName = "[No Variations]"
Add component (AddParameter): Name = "ComponentLink1URL"; Value = "http://www.vishay.com/docs/20035/dcrcwe3.pdf"; VariantName = "[No Variations]"
Add component (AddParameter): Name = "Composition"; Value = "Thick Film"; VariantName = "[No Variations]"
Add component (AddParameter): Name = "Features"; Value = "Automotive AEC-Q200"; VariantName = "[No Variations]"
Add component (AddParameter): Name = "Height"; Value = "0.016" (0.40mm)"; VariantName = "[No Variations]"
Add component (AddParameter): Name = "Manufacturer"; Value = "Vishay Dale"; VariantName = "[No Variations]"
Add component (AddParameter): Name = "Manufacturer Part Number"; Value = "CRCW040210K0FKED"; VariantName = "[No Variations]"
Add component (AddParameter): Name = "Number of Terminations"; Value = "2"; VariantName = "[No Variations]"
Add component (AddParameter): Name = "Operating Temperature"; Value = "-55°C ~ 155°C"; VariantName = "[No Variations]"
Add component (AddParameter): Name = "Package / Case"; Value = "0402 (1005 Metric)"; VariantName = "[No Variations]"
Add component (AddParameter): Name = "Packaging"; Value = "Cut Tape (CT)"; VariantName = "[No Variations]"
Add component (AddParameter): Name = "Power (Watts)"; Value = "0.063W, 1/16W"; VariantName = "[No Variations]"
Add component (AddParameter): Name = "Pricing 1"; Value = "10=0.083, 50=0.0444, 200=0.0255, 1000=0.0174 (USD)"; VariantName = "[No Variations]"
Add component (AddParameter): Name = "Resistance (Ohms)"; Value = "10k"; VariantName = "[No Variations]"
Add component (AddParameter): Name = "RoHS"; Value = "RoHS Compliant"; VariantName = "[No Variations]"
Add component (AddParameter): Name = "Size / Dimension"; Value = "0.039" L x 0.020" W (1.00mm x 0.50mm)"; VariantName = "[No Variations]"
Add component (AddParameter): Name = "Stock 1"; Value = "2392462"; VariantName = "[No Variations]"
Add component (AddParameter): Name = "Supplier 1"; Value = "Digi-Key"; VariantName = "[No Variations]"
Add component (AddParameter): Name = "Supplier Device Package"; Value = "0402 (1005 Metric)"; VariantName = "[No Variations]"
Add component (AddParameter): Name = "Supplier Part Number 1"; Value = "541-10.0KLCT-ND"; VariantName = "[No Variations]"
Add component (AddParameter): Name = "Temperature Coefficient"; Value = "±100ppm/°C"; VariantName = "[No Variations]"
Add component (AddParameter): Name = "Tolerance"; Value = "±1%"; VariantName = "[No Variations]"
Added Component: Designator=R14(RES 0805)
Add component (AddParameter): Name = "Category"; Value = "Resistors"; VariantName = "[No Variations]"
Add component (AddParameter): Name = "ComponentLink1Description"; Value = "http://www.vishay.com/docs/20035/dcrcwe3.pdf"; VariantName = "[No Variations]"
Add component (AddParameter): Name = "ComponentLink1URL"; Value = "http://www.vishay.com/docs/20035/dcrcwe3.pdf"; VariantName = "[No Variations]"
Add component (AddParameter): Name = "Composition"; Value = "Thick Film"; VariantName = "[No Variations]"
Add component (AddParameter): Name = "Features"; Value = "Automotive AEC-Q200"; VariantName = "[No Variations]"
Add component (AddParameter): Name = "Height"; Value = "0.016" (0.40mm)"; VariantName = "[No Variations]"
Add component (AddParameter): Name = "Manufacturer"; Value = "Vishay Dale"; VariantName = "[No Variations]"
Add component (AddParameter): Name = "Manufacturer Part Number"; Value = "CRCW040210K0FKED"; VariantName = "[No Variations]"
Add component (AddParameter): Name = "Number of Terminations"; Value = "2"; VariantName = "[No Variations]"
Add component (AddParameter): Name = "Operating Temperature"; Value = "-55°C ~ 155°C"; VariantName = "[No Variations]"
Add component (AddParameter): Name = "Package / Case"; Value = "0402 (1005 Metric)"; VariantName = "[No Variations]"
Add component (AddParameter): Name = "Packaging"; Value = "Cut Tape (CT)"; VariantName = "[No Variations]"
Add component (AddParameter): Name = "Power (Watts)"; Value = "0.063W, 1/16W"; VariantName = "[No Variations]"
Add component (AddParameter): Name = "Pricing 1"; Value = "10=0.083, 50=0.0444, 200=0.0255, 1000=0.0174 (USD)"; VariantName = "[No Variations]"
Add component (AddParameter): Name = "Resistance (Ohms)"; Value = "10k"; VariantName = "[No Variations]"
Add component (AddParameter): Name = "RoHS"; Value = "RoHS Compliant"; VariantName = "[No Variations]"
Add component (AddParameter): Name = "Size / Dimension"; Value = "0.039" L x 0.020" W (1.00mm x 0.50mm)"; VariantName = "[No Variations]"
Add component (AddParameter): Name = "Stock 1"; Value = "2392462"; VariantName = "[No Variations]"
Add component (AddParameter): Name = "Supplier 1"; Value = "Digi-Key"; VariantName = "[No Variations]"
Add component (AddParameter): Name = "Supplier Device Package"; Value = "0402 (1005 Metric)"; VariantName = "[No Variations]"
Add component (AddParameter): Name = "Supplier Part Number 1"; Value = "541-10.0KLCT-ND"; VariantName = "[No Variations]"
Add component (AddParameter): Name = "Temperature Coefficient"; Value = "±100ppm/°C"; VariantName = "[No Variations]"
Add component (AddParameter): Name = "Tolerance"; Value = "±1%"; VariantName = "[No Variations]"
Added Component: Designator=R15(tro smd 0805)
Add component (AddParameter): Name = "Chung_Loai"; Value = "Dán"; VariantName = "[No Variations]"
Add component (AddParameter): Name = "Don_Vi"; Value = "Con"; VariantName = "[No Variations]"
Add component (AddParameter): Name = "Kieu_Chan"; Value = ""; VariantName = "[No Variations]"
Add component (AddParameter): Name = "Ma_Hang"; Value = "MH005239"; VariantName = "[No Variations]"
Add component (AddParameter): Name = "So_Chan"; Value = "2"; VariantName = "[No Variations]"
Add component (AddParameter): Name = "Ten_Linh_Kien"; Value = "Tr? 0805 5% 10k"; VariantName = "[No Variations]"
Added Component: Designator=SW1(SW_2ARS_TH)
Add component (AddParameter): Name = "Alternate Part Number-1"; Value = "NA"; VariantName = "[No Variations]"
Add component (AddParameter): Name = "Case/Package"; Value = "TH"; VariantName = "[No Variations]"
Add component (AddParameter): Name = "Manufacturer"; Value = "ITT C&K"; VariantName = "[No Variations]"
Add component (AddParameter): Name = "Manufacturer Part Number"; Value = "SRB23A2BBBNN"; VariantName = "[No Variations]"
Add component (AddParameter): Name = "Supplier Part Number-1"; Value = "SRB23A2BBBNN"; VariantName = "[No Variations]"
Add component (AddParameter): Name = "Supplier-1"; Value = "SP ROAD"; VariantName = "[No Variations]"
Added Component: Designator=VR1(Bien Tro Tam Giac Dung)
Add component (AddParameter): Name = "Chung_Loai"; Value = "C?m"; VariantName = "[No Variations]"
Add component (AddParameter): Name = "Don_Vi"; Value = "Con"; VariantName = "[No Variations]"
Add component (AddParameter): Name = "Ghi_Chu"; Value = ""; VariantName = "[No Variations]"
Add component (AddParameter): Name = "Kieu_Chan"; Value = ""; VariantName = "[No Variations]"
Add component (AddParameter): Name = "Ma_Hang"; Value = "MH003711"; VariantName = "[No Variations]"
Add component (AddParameter): Name = "Ten_Linh_Kien"; Value = "Bi?n Tr? Tam Giác 104-100K RM065"; VariantName = "[No Variations]"
Added Component: Designator=VR2(Bien Tro Volume Don)
Add component (AddParameter): Name = "Chung_Loai"; Value = "C?m"; VariantName = "[No Variations]"
Add component (AddParameter): Name = "Don_Vi"; Value = "Con"; VariantName = "[No Variations]"
Add component (AddParameter): Name = "Ghi_Chu"; Value = ""; VariantName = "[No Variations]"
Add component (AddParameter): Name = "Kieu_Chan"; Value = ""; VariantName = "[No Variations]"
Add component (AddParameter): Name = "Ma_Hang"; Value = "MH001418"; VariantName = "[No Variations]"
Add component (AddParameter): Name = "Ten_Linh_Kien"; Value = "Tri?t Áp Đon B20K"; VariantName = "[No Variations]"
Added Component: Designator=VR3(Bien Tro Volume Don)
Add component (AddParameter): Name = "Chung_Loai"; Value = "C?m"; VariantName = "[No Variations]"
Add component (AddParameter): Name = "Don_Vi"; Value = "Con"; VariantName = "[No Variations]"
Add component (AddParameter): Name = "Ghi_Chu"; Value = ""; VariantName = "[No Variations]"
Add component (AddParameter): Name = "Kieu_Chan"; Value = ""; VariantName = "[No Variations]"
Add component (AddParameter): Name = "Ma_Hang"; Value = "MH001418"; VariantName = "[No Variations]"
Add component (AddParameter): Name = "Ten_Linh_Kien"; Value = "Tri?t Áp Đon B20K"; VariantName = "[No Variations]"
Added Component: Designator=VR4(Bien Tro Volume Don)
Add component (AddParameter): Name = "Chung_Loai"; Value = "C?m"; VariantName = "[No Variations]"
Add component (AddParameter): Name = "Don_Vi"; Value = "Con"; VariantName = "[No Variations]"
Add component (AddParameter): Name = "Ghi_Chu"; Value = ""; VariantName = "[No Variations]"
Add component (AddParameter): Name = "Kieu_Chan"; Value = ""; VariantName = "[No Variations]"
Add component (AddParameter): Name = "Ma_Hang"; Value = "MH001418"; VariantName = "[No Variations]"
Add component (AddParameter): Name = "Ten_Linh_Kien"; Value = "Tri?t Áp Đon B20K"; VariantName = "[No Variations]"
Added Component: Designator=VR5(Bien Tro Volume Don)
Add component (AddParameter): Name = "Chung_Loai"; Value = "C?m"; VariantName = "[No Variations]"
Add component (AddParameter): Name = "Don_Vi"; Value = "Con"; VariantName = "[No Variations]"
Add component (AddParameter): Name = "Ghi_Chu"; Value = ""; VariantName = "[No Variations]"
Add component (AddParameter): Name = "Kieu_Chan"; Value = ""; VariantName = "[No Variations]"
Add component (AddParameter): Name = "Ma_Hang"; Value = "MH001418"; VariantName = "[No Variations]"
Add component (AddParameter): Name = "Ten_Linh_Kien"; Value = "Tri?t Áp Đon B20K"; VariantName = "[No Variations]"
Added Pin To Net: NetName=GND Pin=A1-1
Added Pin To Net: NetName=+3.3V Pin=A1-2
Added Pin To Net: NetName=GND Pin=A1-15
Added Pin To Net: NetName=GND Pin=A1-38
Added Pin To Net: NetName=GND Pin=A1-39
Added Pin To Net: NetName=GND Pin=AMS1-1
Added Pin To Net: NetName=+3.3V Pin=AMS1-2
Added Pin To Net: NetName=+3.3V Pin=AMS1-4
Added Pin To Net: NetName=GND Pin=AMS2-1
Added Pin To Net: NetName=+3.3V Pin=AMS2-2
Added Pin To Net: NetName=+3.3V Pin=AMS2-4
Added Pin To Net: NetName=GND Pin=BT1-1
Added Pin To Net: NetName=GND Pin=BT2-2
Added Pin To Net: NetName=GND Pin=C2-2
Added Pin To Net: NetName=GND Pin=C4-2
Added Pin To Net: NetName=IN+ Pin=C6-1
Added Pin To Net: NetName=+3.3V Pin=C7-1
Added Pin To Net: NetName=GND Pin=C7-2
Added Pin To Net: NetName=+3.3V Pin=C8-1
Added Pin To Net: NetName=GND Pin=C8-2
Added Pin To Net: NetName=+3.3V Pin=C9-1
Added Pin To Net: NetName=GND Pin=C9-2
Added Pin To Net: NetName=+3.3V Pin=C10-1
Added Pin To Net: NetName=GND Pin=C10-2
Added Pin To Net: NetName=+3.3V Pin=C11-1
Added Pin To Net: NetName=GND Pin=C11-2
Added Pin To Net: NetName=GND Pin=C12-2
Added Pin To Net: NetName=+3.3V Pin=C13-1
Added Pin To Net: NetName=GND Pin=C13-2
Added Pin To Net: NetName=GND Pin=C15-1
Added Pin To Net: NetName=GND Pin=C16-1
Added Pin To Net: NetName=GND Pin=C17-1
Added Pin To Net: NetName=GND Pin=C18-1
Added Pin To Net: NetName=GND Pin=C19-1
Added Pin To Net: NetName=+3.3V Pin=C20-1
Added Pin To Net: NetName=GND Pin=C20-2
Added Pin To Net: NetName=+3.3V Pin=C21-1
Added Pin To Net: NetName=GND Pin=C21-2
Added Pin To Net: NetName=GND Pin=C22-2
Added Pin To Net: NetName=+3.3V Pin=C23-1
Added Pin To Net: NetName=GND Pin=C23-2
Added Pin To Net: NetName=GND Pin=C26-2
Added Pin To Net: NetName=GND Pin=C27-2
Added Pin To Net: NetName=GND Pin=C28-2
Added Pin To Net: NetName=GND Pin=C31-2
Added Pin To Net: NetName=GND Pin=C32-2
Added Pin To Net: NetName=IN+ Pin=D2-2
Added Pin To Net: NetName=+3.3V Pin=IC1-1
Added Pin To Net: NetName=GND Pin=IC1-3
Added Pin To Net: NetName=+3.3V Pin=IC1-8
Added Pin To Net: NetName=GND Pin=IC1-9
Added Pin To Net: NetName=GND Pin=IC1-10
Added Pin To Net: NetName=GND Pin=IC1-11
Added Pin To Net: NetName=GND Pin=IC1-16
Added Pin To Net: NetName=+3.3V Pin=IC1-17
Added Pin To Net: NetName=GND Pin=IC1-19
Added Pin To Net: NetName=+3.3V Pin=IC1-20
Added Pin To Net: NetName=GND Pin=IC2-11
Added Pin To Net: NetName=+3.3V Pin=JP1-1
Added Pin To Net: NetName=GND Pin=JP1-6
Added Pin To Net: NetName=+3.3V Pin=JP2-1
Added Pin To Net: NetName=GND Pin=JP2-4
Added Pin To Net: NetName=GND Pin=L4-2
Added Pin To Net: NetName=GND Pin=Q1-2
Added Pin To Net: NetName=GND Pin=Q1-3
Added Pin To Net: NetName=GND Pin=R5-1
Added Pin To Net: NetName=GND Pin=R6-1
Added Pin To Net: NetName=NetQ2_1 Pin=R12-2
Added Pin To Net: NetName=NetQ2_2 Pin=R15-1
Added Pin To Net: NetName=GND Pin=U3-3
Added Pin To Net: NetName=NetQ2_2 Pin=U4-13
Added Pin To Net: NetName=GND Pin=VR2-3
Added Pin To Net: NetName=GND Pin=VR3-3
Added Pin To Net: NetName=GND Pin=VR4-3
Added Pin To Net: NetName=GND Pin=VR5-3
Change Net Name : Old Net Name=NetD1_1 New Net Name=NetD2_1
Change Net Name : Old Net Name=NetL1_2 New Net Name=NetL2_2
Change Net Name : Old Net Name=NetL2_2 New Net Name=NetL3_2
Change Net Name : Old Net Name=NetR1_1 New Net Name=NetR2_1
Change Net Name : Old Net Name=NetR2_1 New Net Name=NetR3_1
Change Net Name : Old Net Name=NetR3_2 New Net Name=NetR4_2
Change Net Name : Old Net Name=NetU4_5 New Net Name=D_P
Change Net Name : Old Net Name=NetU4_6 New Net Name=D_N
Added Pin To Net: NetName=+5 Pin=VR2-1
Added Pin To Net: NetName=+5 Pin=VR3-1
Added Pin To Net: NetName=+5 Pin=VR4-1
Added Pin To Net: NetName=+5 Pin=VR5-1
Added Net: Name=+5
Added Pin To Net: NetName=+5V Pin=AMS1-3
Added Pin To Net: NetName=+5V Pin=AMS2-3
Added Pin To Net: NetName=+5V Pin=C2-1
Added Pin To Net: NetName=+5V Pin=C12-1
Added Pin To Net: NetName=+5V Pin=C22-1
Added Pin To Net: NetName=+5V Pin=C24-1
Added Pin To Net: NetName=+5V Pin=C25-1
Added Pin To Net: NetName=+5V Pin=C26-1
Added Pin To Net: NetName=+5V Pin=C27-1
Added Pin To Net: NetName=+5V Pin=C31-1
Added Pin To Net: NetName=+5V Pin=D1-2
Added Pin To Net: NetName=+5V Pin=IC2-4
Added Pin To Net: NetName=+5V Pin=IC2-6
Added Pin To Net: NetName=+5V Pin=IC2-13
Added Pin To Net: NetName=+5V Pin=R7-2
Added Pin To Net: NetName=+5V Pin=U4-16
Added Pin To Net: NetName=+5V Pin=VR1-1
Added Net: Name=+5V
Added Pin To Net: NetName=3.3V Pin=R8-2
Added Pin To Net: NetName=3.3V Pin=R9-2
Added Net: Name=3.3V
Added Pin To Net: NetName=Bandpass Pin=A1-9
Added Pin To Net: NetName=Bandpass Pin=VR4-2
Added Net: Name=Bandpass
Added Pin To Net: NetName=BAT+ Pin=C3-1
Added Pin To Net: NetName=BAT+ Pin=KF1-1
Added Pin To Net: NetName=BAT+ Pin=R1-2
Added Pin To Net: NetName=BAT+ Pin=SW1-1
Added Pin To Net: NetName=BAT+ Pin=U1-5
Added Net: Name=BAT+
Added Pin To Net: NetName=BAT- Pin=C1-2
Added Pin To Net: NetName=BAT- Pin=KF1-2
Added Pin To Net: NetName=BAT- Pin=Q1-6
Added Pin To Net: NetName=BAT- Pin=Q1-7
Added Pin To Net: NetName=BAT- Pin=U2-6
Added Net: Name=BAT-
Added Pin To Net: NetName=BCK Pin=A1-26
Added Pin To Net: NetName=BCK Pin=IC1-13
Added Net: Name=BCK
Added Pin To Net: NetName=DIN Pin=A1-30
Added Pin To Net: NetName=DIN Pin=IC1-14
Added Net: Name=DIN
Added Pin To Net: NetName=GPIO0 Pin=A1-3
Added Pin To Net: NetName=GPIO0 Pin=BT2-1
Added Pin To Net: NetName=GPIO0 Pin=Q2-3
Added Pin To Net: NetName=GPIO0 Pin=R9-1
Added Net: Name=GPIO0
Added Pin To Net: NetName=Highpass Pin=A1-8
Added Pin To Net: NetName=Highpass Pin=VR5-2
Added Net: Name=Highpass
Added Pin To Net: NetName=I2C1_SCL Pin=A1-12
Added Pin To Net: NetName=I2C1_SCL Pin=JP2-2
Added Net: Name=I2C1_SCL
Added Pin To Net: NetName=I2C1_SDA Pin=A1-11
Added Pin To Net: NetName=I2C1_SDA Pin=JP2-3
Added Net: Name=I2C1_SDA
Added Pin To Net: NetName=Lowpass Pin=A1-6
Added Pin To Net: NetName=Lowpass Pin=VR3-2
Added Net: Name=Lowpass
Added Pin To Net: NetName=LRCK Pin=A1-29
Added Pin To Net: NetName=LRCK Pin=IC1-15
Added Net: Name=LRCK
Added Pin To Net: NetName=NetC1_1 Pin=C1-1
Added Pin To Net: NetName=NetC1_1 Pin=R1-1
Added Pin To Net: NetName=NetC1_1 Pin=U2-5
Added Net: Name=NetC1_1
Added Pin To Net: NetName=NetC14_1 Pin=C14-1
Added Pin To Net: NetName=NetC14_1 Pin=IC1-2
Added Net: Name=NetC14_1
Added Pin To Net: NetName=NetC14_2 Pin=C14-2
Added Pin To Net: NetName=NetC14_2 Pin=IC1-4
Added Net: Name=NetC14_2
Added Pin To Net: NetName=NetC15_2 Pin=C15-2
Added Pin To Net: NetName=NetC15_2 Pin=C16-2
Added Pin To Net: NetName=NetC15_2 Pin=IC1-18
Added Net: Name=NetC15_2
Added Pin To Net: NetName=NetC19_2 Pin=C19-2
Added Pin To Net: NetName=NetC19_2 Pin=IC1-5
Added Net: Name=NetC19_2
Added Pin To Net: NetName=NetC24_2 Pin=C24-2
Added Pin To Net: NetName=NetC24_2 Pin=IC2-2
Added Net: Name=NetC24_2
Added Pin To Net: NetName=NetC25_2 Pin=C25-2
Added Pin To Net: NetName=NetC25_2 Pin=IC2-15
Added Net: Name=NetC25_2
Added Pin To Net: NetName=NetC28_1 Pin=C28-1
Added Pin To Net: NetName=NetC28_1 Pin=U4-4
Added Net: Name=NetC28_1
Added Pin To Net: NetName=NetC29_2 Pin=C29-2
Added Pin To Net: NetName=NetC29_2 Pin=R13-1
Added Net: Name=NetC29_2
Added Pin To Net: NetName=NetC30_2 Pin=C30-2
Added Pin To Net: NetName=NetC30_2 Pin=R14-1
Added Net: Name=NetC30_2
Added Pin To Net: NetName=NetC32_1 Pin=C32-1
Added Pin To Net: NetName=NetC32_1 Pin=IC2-8
Added Net: Name=NetC32_1
Added Pin To Net: NetName=NetD1_1 Pin=D1-1
Added Pin To Net: NetName=NetD1_1 Pin=L1-2
Added Pin To Net: NetName=NetD1_1 Pin=U3-5
Added Net: Name=NetD1_1
Added Pin To Net: NetName=NetIC1_6 Pin=IC1-6
Added Pin To Net: NetName=NetIC1_6 Pin=R10-2
Added Net: Name=NetIC1_6
Added Pin To Net: NetName=NetIC1_7 Pin=IC1-7
Added Pin To Net: NetName=NetIC1_7 Pin=R11-2
Added Net: Name=NetIC1_7
Added Pin To Net: NetName=NetIC2_1 Pin=IC2-1
Added Pin To Net: NetName=NetIC2_1 Pin=KF2-1
Added Net: Name=NetIC2_1
Added Pin To Net: NetName=NetIC2_3 Pin=IC2-3
Added Pin To Net: NetName=NetIC2_3 Pin=KF2-2
Added Net: Name=NetIC2_3
Added Pin To Net: NetName=NetIC2_7 Pin=IC2-7
Added Pin To Net: NetName=NetIC2_7 Pin=R13-2
Added Net: Name=NetIC2_7
Added Pin To Net: NetName=NetIC2_10 Pin=IC2-10
Added Pin To Net: NetName=NetIC2_10 Pin=R14-2
Added Net: Name=NetIC2_10
Added Pin To Net: NetName=NetIC2_14 Pin=IC2-14
Added Pin To Net: NetName=NetIC2_14 Pin=KF3-2
Added Net: Name=NetIC2_14
Added Pin To Net: NetName=NetIC2_16 Pin=IC2-16
Added Pin To Net: NetName=NetIC2_16 Pin=KF3-1
Added Net: Name=NetIC2_16
Added Pin To Net: NetName=NetL4_1 Pin=L4-1
Added Pin To Net: NetName=NetL4_1 Pin=R7-1
Added Net: Name=NetL4_1
Added Pin To Net: NetName=NetQ1_4 Pin=Q1-4
Added Pin To Net: NetName=NetQ1_4 Pin=U2-1
Added Net: Name=NetQ1_4
Added Pin To Net: NetName=NetQ1_5 Pin=Q1-5
Added Pin To Net: NetName=NetQ1_5 Pin=U2-3
Added Net: Name=NetQ1_5
Added Pin To Net: NetName=NetQ3_1 Pin=Q3-1
Added Pin To Net: NetName=NetQ3_1 Pin=R15-2
Added Net: Name=NetQ3_1
Added Pin To Net: NetName=NetQ3_2 Pin=Q3-2
Added Pin To Net: NetName=NetQ3_2 Pin=R12-1
Added Pin To Net: NetName=NetQ3_2 Pin=U4-14
Added Net: Name=NetQ3_2
Added Pin To Net: NetName=NetR5_2 Pin=R5-2
Added Pin To Net: NetName=NetR5_2 Pin=U2-2
Added Net: Name=NetR5_2
Added Pin To Net: NetName=NetR6_2 Pin=R6-2
Added Pin To Net: NetName=NetR6_2 Pin=VR1-3
Added Net: Name=NetR6_2
Added Pin To Net: NetName=NetU3_4 Pin=U3-4
Added Pin To Net: NetName=NetU3_4 Pin=VR1-2
Added Net: Name=NetU3_4
Added Pin To Net: NetName=nRST Pin=A1-25
Added Pin To Net: NetName=nRST Pin=BT1-2
Added Pin To Net: NetName=nRST Pin=Q3-3
Added Pin To Net: NetName=nRST Pin=R8-1
Added Net: Name=nRST
Added Pin To Net: NetName=OutL Pin=C18-2
Added Pin To Net: NetName=OutL Pin=C29-1
Added Pin To Net: NetName=OutL Pin=R10-1
Added Net: Name=OutL
Added Pin To Net: NetName=OutR Pin=C17-2
Added Pin To Net: NetName=OutR Pin=C30-1
Added Pin To Net: NetName=OutR Pin=R11-1
Added Net: Name=OutR
Added Pin To Net: NetName=RX Pin=A1-35
Added Pin To Net: NetName=RX Pin=U4-3
Added Net: Name=RX
Added Pin To Net: NetName=SCK Pin=A1-36
Added Pin To Net: NetName=SCK Pin=IC1-12
Added Net: Name=SCK
Added Pin To Net: NetName=SPI2_CS Pin=A1-23
Added Pin To Net: NetName=SPI2_CS Pin=JP1-5
Added Net: Name=SPI2_CS
Added Pin To Net: NetName=SPI2_MISO Pin=A1-14
Added Pin To Net: NetName=SPI2_MISO Pin=JP1-2
Added Net: Name=SPI2_MISO
Added Pin To Net: NetName=SPI2_MOSI Pin=A1-16
Added Pin To Net: NetName=SPI2_MOSI Pin=JP1-3
Added Net: Name=SPI2_MOSI
Added Pin To Net: NetName=SPI2_SCK Pin=A1-13
Added Pin To Net: NetName=SPI2_SCK Pin=JP1-4
Added Net: Name=SPI2_SCK
Added Pin To Net: NetName=TX Pin=A1-34
Added Pin To Net: NetName=TX Pin=U4-2
Added Net: Name=TX
Added Pin To Net: NetName=Volume Pin=A1-7
Added Pin To Net: NetName=Volume Pin=VR2-2
Added Net: Name=Volume
Added Pin To Net: NetName=Vout+ Pin=C4-1
Added Pin To Net: NetName=Vout+ Pin=L1-1
Added Pin To Net: NetName=Vout+ Pin=SW1-2
Added Pin To Net: NetName=Vout+ Pin=U3-1
Added Pin To Net: NetName=Vout+ Pin=U3-2
Added Net: Name=Vout+
Added Differential Pair: Name=D
Added Member To Class: ClassName=main Member=Component A1 ESP32 WROVER-I
Added Member To Class: ClassName=main Member=Component AMS1 AMS1117-3.3V
Added Member To Class: ClassName=main Member=Component AMS2 AMS1117-3.3V
Added Member To Class: ClassName=main Member=Component BT1 Nut Nhan 2 Chan SMD 3x6x2.5
Added Member To Class: ClassName=main Member=Component BT2 Nut Nhan 2 Chan SMD 3x6x2.5
Added Member To Class: ClassName=main Member=Component C3 10uF
Added Member To Class: ClassName=main Member=Component C4 22uF
Added Member To Class: ClassName=main Member=Component C5 104
Added Member To Class: ClassName=main Member=Component C6 10uF
Added Member To Class: ClassName=main Member=Component C7 10uF
Added Member To Class: ClassName=main Member=Component C8 10uF
Added Member To Class: ClassName=main Member=Component C9 104
Added Member To Class: ClassName=main Member=Component C10 104
Added Member To Class: ClassName=main Member=Component C11 10uF
Added Member To Class: ClassName=main Member=Component C12 22uF
Added Member To Class: ClassName=main Member=Component C13 22uF
Added Member To Class: ClassName=main Member=Component C14 225
Added Member To Class: ClassName=main Member=Component C15 10uF
Added Member To Class: ClassName=main Member=Component C16 104
Added Member To Class: ClassName=main Member=Component C17 222
Added Member To Class: ClassName=main Member=Component C18 222
Added Member To Class: ClassName=main Member=Component C19 225
Added Member To Class: ClassName=main Member=Component C20 10uF
Added Member To Class: ClassName=main Member=Component C21 104
Added Member To Class: ClassName=main Member=Component C22 22uF
Added Member To Class: ClassName=main Member=Component C23 22uF
Added Member To Class: ClassName=main Member=Component C24 1uF
Added Member To Class: ClassName=main Member=Component C25 1uF
Added Member To Class: ClassName=main Member=Component C26 470uF
Added Member To Class: ClassName=main Member=Component C27 1uF
Added Member To Class: ClassName=main Member=Component C28 104
Added Member To Class: ClassName=main Member=Component C29 474
Added Member To Class: ClassName=main Member=Component C30 474
Added Member To Class: ClassName=main Member=Component C31 106
Added Member To Class: ClassName=main Member=Component C32 104
Added Member To Class: ClassName=main Member=Component D2 SS14
Added Member To Class: ClassName=main Member=Component IC1 PCM5102APWR
Added Member To Class: ClassName=main Member=Component IC2 PAM8403DR
Added Member To Class: ClassName=main Member=Component JP1 JP 1x6 2.54 SPI
Added Member To Class: ClassName=main Member=Component JP2 JP 1x4 2.54 I2C
Added Member To Class: ClassName=main Member=Component KF1 CON 2 KF301
Added Member To Class: ClassName=main Member=Component KF2 CON 2 KF301
Added Member To Class: ClassName=main Member=Component KF3 CON 2 KF301
Added Member To Class: ClassName=main Member=Component L1 22uH SMD
Added Member To Class: ClassName=main Member=Component L3 LED
Added Member To Class: ClassName=main Member=Component L4 LED 0805
Added Member To Class: ClassName=main Member=Component Q1 FS8205A
Added Member To Class: ClassName=main Member=Component R1 100R
Added Member To Class: ClassName=main Member=Component R6 2.2k
Added Member To Class: ClassName=main Member=Component R7 2k
Added Member To Class: ClassName=main Member=Component R8 10k
Added Member To Class: ClassName=main Member=Component R9 10k
Added Member To Class: ClassName=main Member=Component R10 470R
Added Member To Class: ClassName=main Member=Component R11 470R
Added Member To Class: ClassName=main Member=Component R12 10k
Added Member To Class: ClassName=main Member=Component R13 10k
Added Member To Class: ClassName=main Member=Component R14 10k
Added Member To Class: ClassName=main Member=Component R15 10k
Added Member To Class: ClassName=main Member=Component SW1 ROCKET SWITCH-10A
Added Member To Class: ClassName=main Member=Component U4 CH340C
Added Member To Class: ClassName=main Member=Component VR1 100K
Added Member To Class: ClassName=main Member=Component VR2 20k
Added Member To Class: ClassName=main Member=Component VR3 20k
Added Member To Class: ClassName=main Member=Component VR4 20k
Added Member To Class: ClassName=main Member=Component VR5 20k
